[debug] [2021-08-14T09:04:28.157Z] ----------------------------------------------------------------------
[debug] [2021-08-14T09:04:28.169Z] Command:       C:\Program Files\nodejs\node.exe C:\Users\User\AppData\Roaming\npm\node_modules\firebase-tools\lib\bin\firebase.js init
[debug] [2021-08-14T09:04:28.172Z] CLI Version:   9.6.1
[debug] [2021-08-14T09:04:28.172Z] Platform:      win32
[debug] [2021-08-14T09:04:28.172Z] Node Version:  v14.16.0
[debug] [2021-08-14T09:04:28.424Z] Time:          Sat Aug 14 2021 12:04:28 GMT+0300 (East Africa Time)
[debug] [2021-08-14T09:04:28.425Z] ----------------------------------------------------------------------
[debug] [2021-08-14T09:04:28.425Z] 
[debug] [2021-08-14T09:04:28.469Z] > command requires scopes: ["email","openid","https://www.googleapis.com/auth/cloudplatformprojects.readonly","https://www.googleapis.com/auth/firebase","https://www.googleapis.com/auth/cloud-platform"]
[debug] [2021-08-14T09:04:28.470Z] > authorizing via signed-in user
[info] 
     ######## #### ########  ######## ########     ###     ######  ########
     ##        ##  ##     ## ##       ##     ##  ##   ##  ##       ##
     ######    ##  ########  ######   ########  #########  ######  ######
     ##        ##  ##    ##  ##       ##     ## ##     ##       ## ##
     ##       #### ##     ## ######## ########  ##     ##  ######  ########

You're about to initialize a Firebase project in this directory:

  C:\Users\User\Desktop\MariteEnterprises\MariteLimited

Before we get started, keep in mind:

  * You are initializing in an existing Firebase project directory

[info] 
=== Project Setup
[info] 
[info] First, let's associate this project directory with a Firebase project.
[info] You can create multiple project aliases by running firebase use --add, 
[info] but for now we'll just set up a default project.
[info] 
[info] i  .firebaserc already has a default project, using maritelimitedwebsite. 
[debug] [2021-08-14T09:05:24.279Z] > refreshing access token with scopes: []
[debug] [2021-08-14T09:05:24.280Z] >>> HTTP REQUEST POST https://www.googleapis.com/oauth2/v3/token  
 <request body omitted>
[debug] [2021-08-14T09:05:25.572Z] <<< HTTP RESPONSE 200 {"date":"Sat, 14 Aug 2021 09:04:45 GMT","expires":"Mon, 01 Jan 1990 00:00:00 GMT","cache-control":"no-cache, no-store, max-age=0, must-revalidate","pragma":"no-cache","content-type":"application/json; charset=utf-8","vary":"X-Origin, Referer, Origin,Accept-Encoding","server":"scaffolding on HTTPServer2","x-xss-protection":"0","x-frame-options":"SAMEORIGIN","x-content-type-options":"nosniff","alt-svc":"h3=\":443\"; ma=2592000,h3-29=\":443\"; ma=2592000,h3-T051=\":443\"; ma=2592000,h3-Q050=\":443\"; ma=2592000,h3-Q046=\":443\"; ma=2592000,h3-Q043=\":443\"; ma=2592000,quic=\":443\"; ma=2592000; v=\"46,43\"","accept-ranges":"none","transfer-encoding":"chunked"}
[debug] [2021-08-14T09:05:25.636Z] >>> [apiv2][query] GET https://firebase.googleapis.com/v1beta1/projects/maritelimitedwebsite [none]
[debug] [2021-08-14T09:05:26.499Z] <<< [apiv2][status] GET https://firebase.googleapis.com/v1beta1/projects/maritelimitedwebsite 200
[debug] [2021-08-14T09:05:26.500Z] <<< [apiv2][body] GET https://firebase.googleapis.com/v1beta1/projects/maritelimitedwebsite {"projectId":"maritelimitedwebsite","projectNumber":"29570145445","displayName":"MariteLimitedWebsite","name":"projects/maritelimitedwebsite","resources":{"hostingSite":"maritelimitedwebsite","storageBucket":"maritelimitedwebsite.appspot.com","locationId":"us-central"},"state":"ACTIVE"}
[info] 
=== Hosting Setup
[info] 
[info] Your public directory is the folder (relative to your project directory) that
[info] will contain Hosting assets to be uploaded with firebase deploy. If you
[info] have a build process for your assets, use your build's output directory.
[info] 
